# JRE version: Java(TM) SE Runtime Environment (8.0_291-b10) (build 1.8.0_291-b10)
# Java VM: Java HotSpot(TM) 64-Bit Server VM (25.291-b10 mixed mode windows-amd64 compressed oops)
Heap:
 PSYoungGen      total 38400K, used 25884K [0x00000000d5980000, 0x00000000d8400000, 0x0000000100000000)
  eden space 33280K, 77% used [0x00000000d5980000,0x00000000d72c7250,0x00000000d7a00000)
  from space 5120K, 0% used [0x00000000d7f00000,0x00000000d7f00000,0x00000000d8400000)
  to   space 5120K, 0% used [0x00000000d7a00000,0x00000000d7a00000,0x00000000d7f00000)
 ParOldGen       total 43008K, used 6931K [0x0000000080c00000, 0x0000000083600000, 0x00000000d5980000)
  object space 43008K, 16% used [0x0000000080c00000,0x00000000812c4e80,0x0000000083600000)
 Metaspace       used 27096K, capacity 27472K, committed 27904K, reserved 1073152K
  class space    used 3085K, capacity 3212K, committed 3328K, reserved 1048576K
GC Heap History (6 events):
Event: 8.464 GC heap before
{Heap before GC invocations=1 (full 0):
 PSYoungGen      total 38400K, used 33280K [0x00000000d5980000, 0x00000000d8400000, 0x0000000100000000)
  eden space 33280K, 100% used [0x00000000d5980000,0x00000000d7a00000,0x00000000d7a00000)
  from space 5120K, 0% used [0x00000000d7f00000,0x00000000d7f00000,0x00000000d8400000)
  to   space 5120K, 0% used [0x00000000d7a00000,0x00000000d7a00000,0x00000000d7f00000)
 ParOldGen       total 87552K, used 0K [0x0000000080c00000, 0x0000000086180000, 0x00000000d5980000)
  object space 87552K, 0% used [0x0000000080c00000,0x0000000080c00000,0x0000000086180000)
 Metaspace       used 18209K, capacity 18446K, committed 18688K, reserved 1064960K
  class space    used 2192K, capacity 2276K, committed 2304K, reserved 1048576K
Event: 8.469 GC heap after
Heap after GC invocations=1 (full 0):
 PSYoungGen      total 38400K, used 5107K [0x00000000d5980000, 0x00000000d8400000, 0x0000000100000000)
  eden space 33280K, 0% used [0x00000000d5980000,0x00000000d5980000,0x00000000d7a00000)
  from space 5120K, 99% used [0x00000000d7a00000,0x00000000d7efcfb0,0x00000000d7f00000)
  to   space 5120K, 0% used [0x00000000d7f00000,0x00000000d7f00000,0x00000000d8400000)
 ParOldGen       total 87552K, used 537K [0x0000000080c00000, 0x0000000086180000, 0x00000000d5980000)
  object space 87552K, 0% used [0x0000000080c00000,0x0000000080c86468,0x0000000086180000)
 Metaspace       used 18209K, capacity 18446K, committed 18688K, reserved 1064960K
  class space    used 2192K, capacity 2276K, committed 2304K, reserved 1048576K
}
Event: 9.042 GC heap before
{Heap before GC invocations=2 (full 0):
 PSYoungGen      total 38400K, used 14132K [0x00000000d5980000, 0x00000000d8400000, 0x0000000100000000)
  eden space 33280K, 27% used [0x00000000d5980000,0x00000000d6250348,0x00000000d7a00000)
  from space 5120K, 99% used [0x00000000d7a00000,0x00000000d7efcfb0,0x00000000d7f00000)
  to   space 5120K, 0% used [0x00000000d7f00000,0x00000000d7f00000,0x00000000d8400000)
 ParOldGen       total 87552K, used 537K [0x0000000080c00000, 0x0000000086180000, 0x00000000d5980000)
  object space 87552K, 0% used [0x0000000080c00000,0x0000000080c86468,0x0000000086180000)
 Metaspace       used 20722K, capacity 20980K, committed 21248K, reserved 1069056K
  class space    used 2383K, capacity 2481K, committed 2560K, reserved 1048576K
Event: 9.048 GC heap after
Heap after GC invocations=2 (full 0):
 PSYoungGen      total 38400K, used 5094K [0x00000000d5980000, 0x00000000d8400000, 0x0000000100000000)
  eden space 33280K, 0% used [0x00000000d5980000,0x00000000d5980000,0x00000000d7a00000)
  from space 5120K, 99% used [0x00000000d7f00000,0x00000000d83f99c0,0x00000000d8400000)
  to   space 5120K, 0% used [0x00000000d7a00000,0x00000000d7a00000,0x00000000d7f00000)
 ParOldGen       total 87552K, used 2493K [0x0000000080c00000, 0x0000000086180000, 0x00000000d5980000)
  object space 87552K, 2% used [0x0000000080c00000,0x0000000080e6f5d8,0x0000000086180000)
 Metaspace       used 20722K, capacity 20980K, committed 21248K, reserved 1069056K
  class space    used 2383K, capacity 2481K, committed 2560K, reserved 1048576K
}
Event: 9.048 GC heap before
{Heap before GC invocations=3 (full 1):
 PSYoungGen      total 38400K, used 5094K [0x00000000d5980000, 0x00000000d8400000, 0x0000000100000000)
  eden space 33280K, 0% used [0x00000000d5980000,0x00000000d5980000,0x00000000d7a00000)
  from space 5120K, 99% used [0x00000000d7f00000,0x00000000d83f99c0,0x00000000d8400000)
  to   space 5120K, 0% used [0x00000000d7a00000,0x00000000d7a00000,0x00000000d7f00000)
 ParOldGen       total 87552K, used 2493K [0x0000000080c00000, 0x0000000086180000, 0x00000000d5980000)
  object space 87552K, 2% used [0x0000000080c00000,0x0000000080e6f5d8,0x0000000086180000)
 Metaspace       used 20722K, capacity 20980K, committed 21248K, reserved 1069056K
  class space    used 2383K, capacity 2481K, committed 2560K, reserved 1048576K
Event: 9.074 GC heap after
Heap after GC invocations=3 (full 1):
 PSYoungGen      total 38400K, used 0K [0x00000000d5980000, 0x00000000d8400000, 0x0000000100000000)
  eden space 33280K, 0% used [0x00000000d5980000,0x00000000d5980000,0x00000000d7a00000)
  from space 5120K, 0% used [0x00000000d7f00000,0x00000000d7f00000,0x00000000d8400000)
  to   space 5120K, 0% used [0x00000000d7a00000,0x00000000d7a00000,0x00000000d7f00000)
 ParOldGen       total 43008K, used 6931K [0x0000000080c00000, 0x0000000083600000, 0x00000000d5980000)
  object space 43008K, 16% used [0x0000000080c00000,0x00000000812c4e80,0x0000000083600000)
 Metaspace       used 20721K, capacity 20974K, committed 21248K, reserved 1069056K
  class space    used 2382K, capacity 2479K, committed 2560K, reserved 1048576K
}

