# JRE version: Java(TM) SE Runtime Environment (8.0_291-b10) (build 1.8.0_291-b10)
# Java VM: Java HotSpot(TM) 64-Bit Server VM (25.291-b10 mixed mode windows-amd64 compressed oops)
Heap:
 PSYoungGen      total 38400K, used 28754K [0x00000000d5980000, 0x00000000da480000, 0x0000000100000000)
  eden space 33280K, 86% used [0x00000000d5980000,0x00000000d75948f0,0x00000000d7a00000)
  from space 5120K, 0% used [0x00000000d7f00000,0x00000000d7f00000,0x00000000d8400000)
  to   space 5120K, 0% used [0x00000000d7a00000,0x00000000d7a00000,0x00000000d7f00000)
 ParOldGen       total 46080K, used 5684K [0x0000000080c00000, 0x0000000083900000, 0x00000000d5980000)
  object space 46080K, 12% used [0x0000000080c00000,0x000000008118d118,0x0000000083900000)
 Metaspace       used 28275K, capacity 28658K, committed 29104K, reserved 1075200K
  class space    used 3234K, capacity 3379K, committed 3504K, reserved 1048576K
GC Heap History (6 events):
Event: 7.301 GC heap before
{Heap before GC invocations=1 (full 0):
 PSYoungGen      total 38400K, used 33280K [0x00000000d5980000, 0x00000000d8400000, 0x0000000100000000)
  eden space 33280K, 100% used [0x00000000d5980000,0x00000000d7a00000,0x00000000d7a00000)
  from space 5120K, 0% used [0x00000000d7f00000,0x00000000d7f00000,0x00000000d8400000)
  to   space 5120K, 0% used [0x00000000d7a00000,0x00000000d7a00000,0x00000000d7f00000)
 ParOldGen       total 87552K, used 0K [0x0000000080c00000, 0x0000000086180000, 0x00000000d5980000)
  object space 87552K, 0% used [0x0000000080c00000,0x0000000080c00000,0x0000000086180000)
 Metaspace       used 20212K, capacity 20508K, committed 20736K, reserved 1067008K
  class space    used 2432K, capacity 2543K, committed 2560K, reserved 1048576K
Event: 7.306 GC heap after
Heap after GC invocations=1 (full 0):
 PSYoungGen      total 38400K, used 5091K [0x00000000d5980000, 0x00000000d8400000, 0x0000000100000000)
  eden space 33280K, 0% used [0x00000000d5980000,0x00000000d5980000,0x00000000d7a00000)
  from space 5120K, 99% used [0x00000000d7a00000,0x00000000d7ef8fa0,0x00000000d7f00000)
  to   space 5120K, 0% used [0x00000000d7f00000,0x00000000d7f00000,0x00000000d8400000)
 ParOldGen       total 87552K, used 1063K [0x0000000080c00000, 0x0000000086180000, 0x00000000d5980000)
  object space 87552K, 1% used [0x0000000080c00000,0x0000000080d09f60,0x0000000086180000)
 Metaspace       used 20212K, capacity 20508K, committed 20736K, reserved 1067008K
  class space    used 2432K, capacity 2543K, committed 2560K, reserved 1048576K
}
Event: 7.437 GC heap before
{Heap before GC invocations=2 (full 0):
 PSYoungGen      total 38400K, used 10363K [0x00000000d5980000, 0x00000000d8400000, 0x0000000100000000)
  eden space 33280K, 15% used [0x00000000d5980000,0x00000000d5ea5db0,0x00000000d7a00000)
  from space 5120K, 99% used [0x00000000d7a00000,0x00000000d7ef8fa0,0x00000000d7f00000)
  to   space 5120K, 0% used [0x00000000d7f00000,0x00000000d7f00000,0x00000000d8400000)
 ParOldGen       total 87552K, used 1063K [0x0000000080c00000, 0x0000000086180000, 0x00000000d5980000)
  object space 87552K, 1% used [0x0000000080c00000,0x0000000080d09f60,0x0000000086180000)
 Metaspace       used 20880K, capacity 21138K, committed 21296K, reserved 1069056K
  class space    used 2487K, capacity 2582K, committed 2608K, reserved 1048576K
Event: 7.441 GC heap after
Heap after GC invocations=2 (full 0):
 PSYoungGen      total 38400K, used 5113K [0x00000000d5980000, 0x00000000da480000, 0x0000000100000000)
  eden space 33280K, 0% used [0x00000000d5980000,0x00000000d5980000,0x00000000d7a00000)
  from space 5120K, 99% used [0x00000000d7f00000,0x00000000d83fe7c8,0x00000000d8400000)
  to   space 5120K, 0% used [0x00000000d7a00000,0x00000000d7a00000,0x00000000d7f00000)
 ParOldGen       total 87552K, used 1457K [0x0000000080c00000, 0x0000000086180000, 0x00000000d5980000)
  object space 87552K, 1% used [0x0000000080c00000,0x0000000080d6c4e8,0x0000000086180000)
 Metaspace       used 20880K, capacity 21138K, committed 21296K, reserved 1069056K
  class space    used 2487K, capacity 2582K, committed 2608K, reserved 1048576K
}
Event: 7.441 GC heap before
{Heap before GC invocations=3 (full 1):
 PSYoungGen      total 38400K, used 5113K [0x00000000d5980000, 0x00000000da480000, 0x0000000100000000)
  eden space 33280K, 0% used [0x00000000d5980000,0x00000000d5980000,0x00000000d7a00000)
  from space 5120K, 99% used [0x00000000d7f00000,0x00000000d83fe7c8,0x00000000d8400000)
  to   space 5120K, 0% used [0x00000000d7a00000,0x00000000d7a00000,0x00000000d7f00000)
 ParOldGen       total 87552K, used 1457K [0x0000000080c00000, 0x0000000086180000, 0x00000000d5980000)
  object space 87552K, 1% used [0x0000000080c00000,0x0000000080d6c4e8,0x0000000086180000)
 Metaspace       used 20880K, capacity 21138K, committed 21296K, reserved 1069056K
  class space    used 2487K, capacity 2582K, committed 2608K, reserved 1048576K
Event: 7.465 GC heap after
Heap after GC invocations=3 (full 1):
 PSYoungGen      total 38400K, used 0K [0x00000000d5980000, 0x00000000da480000, 0x0000000100000000)
  eden space 33280K, 0% used [0x00000000d5980000,0x00000000d5980000,0x00000000d7a00000)
  from space 5120K, 0% used [0x00000000d7f00000,0x00000000d7f00000,0x00000000d8400000)
  to   space 5120K, 0% used [0x00000000d7a00000,0x00000000d7a00000,0x00000000d7f00000)
 ParOldGen       total 46080K, used 5684K [0x0000000080c00000, 0x0000000083900000, 0x00000000d5980000)
  object space 46080K, 12% used [0x0000000080c00000,0x000000008118d118,0x0000000083900000)
 Metaspace       used 20879K, capacity 21132K, committed 21296K, reserved 1069056K
  class space    used 2486K, capacity 2580K, committed 2608K, reserved 1048576K
}

