# JRE version: Java(TM) SE Runtime Environment (8.0_291-b10) (build 1.8.0_291-b10)
# Java VM: Java HotSpot(TM) 64-Bit Server VM (25.291-b10 mixed mode windows-amd64 compressed oops)
Heap:
 PSYoungGen      total 38400K, used 27746K [0x00000000d5980000, 0x00000000da480000, 0x0000000100000000)
  eden space 33280K, 83% used [0x00000000d5980000,0x00000000d7498a08,0x00000000d7a00000)
  from space 5120K, 0% used [0x00000000d7f00000,0x00000000d7f00000,0x00000000d8400000)
  to   space 5120K, 0% used [0x00000000d7a00000,0x00000000d7a00000,0x00000000d7f00000)
 ParOldGen       total 44032K, used 5750K [0x0000000080c00000, 0x0000000083700000, 0x00000000d5980000)
  object space 44032K, 13% used [0x0000000080c00000,0x000000008119db70,0x0000000083700000)
 Metaspace       used 28290K, capacity 28722K, committed 29104K, reserved 1075200K
  class space    used 3244K, capacity 3379K, committed 3504K, reserved 1048576K
GC Heap History (6 events):
Event: 5.810 GC heap before
{Heap before GC invocations=1 (full 0):
 PSYoungGen      total 38400K, used 33226K [0x00000000d5980000, 0x00000000d8400000, 0x0000000100000000)
  eden space 33280K, 99% used [0x00000000d5980000,0x00000000d79f2a08,0x00000000d7a00000)
  from space 5120K, 0% used [0x00000000d7f00000,0x00000000d7f00000,0x00000000d8400000)
  to   space 5120K, 0% used [0x00000000d7a00000,0x00000000d7a00000,0x00000000d7f00000)
 ParOldGen       total 87552K, used 0K [0x0000000080c00000, 0x0000000086180000, 0x00000000d5980000)
  object space 87552K, 0% used [0x0000000080c00000,0x0000000080c00000,0x0000000086180000)
 Metaspace       used 20375K, capacity 20652K, committed 20992K, reserved 1067008K
  class space    used 2462K, capacity 2549K, committed 2560K, reserved 1048576K
Event: 5.816 GC heap after
Heap after GC invocations=1 (full 0):
 PSYoungGen      total 38400K, used 5090K [0x00000000d5980000, 0x00000000d8400000, 0x0000000100000000)
  eden space 33280K, 0% used [0x00000000d5980000,0x00000000d5980000,0x00000000d7a00000)
  from space 5120K, 99% used [0x00000000d7a00000,0x00000000d7ef8bd0,0x00000000d7f00000)
  to   space 5120K, 0% used [0x00000000d7f00000,0x00000000d7f00000,0x00000000d8400000)
 ParOldGen       total 87552K, used 1226K [0x0000000080c00000, 0x0000000086180000, 0x00000000d5980000)
  object space 87552K, 1% used [0x0000000080c00000,0x0000000080d328a0,0x0000000086180000)
 Metaspace       used 20375K, capacity 20652K, committed 20992K, reserved 1067008K
  class space    used 2462K, capacity 2549K, committed 2560K, reserved 1048576K
}
Event: 5.870 GC heap before
{Heap before GC invocations=2 (full 0):
 PSYoungGen      total 38400K, used 9147K [0x00000000d5980000, 0x00000000d8400000, 0x0000000100000000)
  eden space 33280K, 12% used [0x00000000d5980000,0x00000000d5d761a0,0x00000000d7a00000)
  from space 5120K, 99% used [0x00000000d7a00000,0x00000000d7ef8bd0,0x00000000d7f00000)
  to   space 5120K, 0% used [0x00000000d7f00000,0x00000000d7f00000,0x00000000d8400000)
 ParOldGen       total 87552K, used 1226K [0x0000000080c00000, 0x0000000086180000, 0x00000000d5980000)
  object space 87552K, 1% used [0x0000000080c00000,0x0000000080d328a0,0x0000000086180000)
 Metaspace       used 20889K, capacity 21138K, committed 21296K, reserved 1069056K
  class space    used 2496K, capacity 2582K, committed 2608K, reserved 1048576K
Event: 5.874 GC heap after
Heap after GC invocations=2 (full 0):
 PSYoungGen      total 38400K, used 5113K [0x00000000d5980000, 0x00000000da480000, 0x0000000100000000)
  eden space 33280K, 0% used [0x00000000d5980000,0x00000000d5980000,0x00000000d7a00000)
  from space 5120K, 99% used [0x00000000d7f00000,0x00000000d83fe7c8,0x00000000d8400000)
  to   space 5120K, 0% used [0x00000000d7a00000,0x00000000d7a00000,0x00000000d7f00000)
 ParOldGen       total 87552K, used 1464K [0x0000000080c00000, 0x0000000086180000, 0x00000000d5980000)
  object space 87552K, 1% used [0x0000000080c00000,0x0000000080d6e1a8,0x0000000086180000)
 Metaspace       used 20889K, capacity 21138K, committed 21296K, reserved 1069056K
  class space    used 2496K, capacity 2582K, committed 2608K, reserved 1048576K
}
Event: 5.874 GC heap before
{Heap before GC invocations=3 (full 1):
 PSYoungGen      total 38400K, used 5113K [0x00000000d5980000, 0x00000000da480000, 0x0000000100000000)
  eden space 33280K, 0% used [0x00000000d5980000,0x00000000d5980000,0x00000000d7a00000)
  from space 5120K, 99% used [0x00000000d7f00000,0x00000000d83fe7c8,0x00000000d8400000)
  to   space 5120K, 0% used [0x00000000d7a00000,0x00000000d7a00000,0x00000000d7f00000)
 ParOldGen       total 87552K, used 1464K [0x0000000080c00000, 0x0000000086180000, 0x00000000d5980000)
  object space 87552K, 1% used [0x0000000080c00000,0x0000000080d6e1a8,0x0000000086180000)
 Metaspace       used 20889K, capacity 21138K, committed 21296K, reserved 1069056K
  class space    used 2496K, capacity 2582K, committed 2608K, reserved 1048576K
Event: 5.895 GC heap after
Heap after GC invocations=3 (full 1):
 PSYoungGen      total 38400K, used 0K [0x00000000d5980000, 0x00000000da480000, 0x0000000100000000)
  eden space 33280K, 0% used [0x00000000d5980000,0x00000000d5980000,0x00000000d7a00000)
  from space 5120K, 0% used [0x00000000d7f00000,0x00000000d7f00000,0x00000000d8400000)
  to   space 5120K, 0% used [0x00000000d7a00000,0x00000000d7a00000,0x00000000d7f00000)
 ParOldGen       total 44032K, used 5750K [0x0000000080c00000, 0x0000000083700000, 0x00000000d5980000)
  object space 44032K, 13% used [0x0000000080c00000,0x000000008119db70,0x0000000083700000)
 Metaspace       used 20887K, capacity 21132K, committed 21296K, reserved 1069056K
  class space    used 2495K, capacity 2580K, committed 2608K, reserved 1048576K
}

