# JRE version: Java(TM) SE Runtime Environment (8.0_291-b10) (build 1.8.0_291-b10)
# Java VM: Java HotSpot(TM) 64-Bit Server VM (25.291-b10 mixed mode windows-amd64 compressed oops)
Heap:
 PSYoungGen      total 38400K, used 6469K [0x00000000d5980000, 0x00000000d8400000, 0x0000000100000000)
  eden space 33280K, 4% used [0x00000000d5980000,0x00000000d5ad7538,0x00000000d7a00000)
  from space 5120K, 99% used [0x00000000d7a00000,0x00000000d7efa170,0x00000000d7f00000)
  to   space 5120K, 0% used [0x00000000d7f00000,0x00000000d7f00000,0x00000000d8400000)
 ParOldGen       total 41472K, used 6681K [0x0000000080c00000, 0x0000000083480000, 0x00000000d5980000)
  object space 41472K, 16% used [0x0000000080c00000,0x0000000081286518,0x0000000083480000)
 Metaspace       used 30224K, capacity 30810K, committed 31232K, reserved 1077248K
  class space    used 3372K, capacity 3533K, committed 3584K, reserved 1048576K
GC Heap History (8 events):
Event: 38.177 GC heap before
{Heap before GC invocations=1 (full 0):
 PSYoungGen      total 38400K, used 33280K [0x00000000d5980000, 0x00000000d8400000, 0x0000000100000000)
  eden space 33280K, 100% used [0x00000000d5980000,0x00000000d7a00000,0x00000000d7a00000)
  from space 5120K, 0% used [0x00000000d7f00000,0x00000000d7f00000,0x00000000d8400000)
  to   space 5120K, 0% used [0x00000000d7a00000,0x00000000d7a00000,0x00000000d7f00000)
 ParOldGen       total 87552K, used 0K [0x0000000080c00000, 0x0000000086180000, 0x00000000d5980000)
  object space 87552K, 0% used [0x0000000080c00000,0x0000000080c00000,0x0000000086180000)
 Metaspace       used 17467K, capacity 17884K, committed 18048K, reserved 1064960K
  class space    used 2210K, capacity 2351K, committed 2432K, reserved 1048576K
Event: 38.186 GC heap after
Heap after GC invocations=1 (full 0):
 PSYoungGen      total 38400K, used 3808K [0x00000000d5980000, 0x00000000d8400000, 0x0000000100000000)
  eden space 33280K, 0% used [0x00000000d5980000,0x00000000d5980000,0x00000000d7a00000)
  from space 5120K, 74% used [0x00000000d7a00000,0x00000000d7db8010,0x00000000d7f00000)
  to   space 5120K, 0% used [0x00000000d7f00000,0x00000000d7f00000,0x00000000d8400000)
 ParOldGen       total 87552K, used 24K [0x0000000080c00000, 0x0000000086180000, 0x00000000d5980000)
  object space 87552K, 0% used [0x0000000080c00000,0x0000000080c06000,0x0000000086180000)
 Metaspace       used 17467K, capacity 17884K, committed 18048K, reserved 1064960K
  class space    used 2210K, capacity 2351K, committed 2432K, reserved 1048576K
}
Event: 61.862 GC heap before
{Heap before GC invocations=2 (full 0):
 PSYoungGen      total 38400K, used 29916K [0x00000000d5980000, 0x00000000d8400000, 0x0000000100000000)
  eden space 33280K, 78% used [0x00000000d5980000,0x00000000d72ff038,0x00000000d7a00000)
  from space 5120K, 74% used [0x00000000d7a00000,0x00000000d7db8010,0x00000000d7f00000)
  to   space 5120K, 0% used [0x00000000d7f00000,0x00000000d7f00000,0x00000000d8400000)
 ParOldGen       total 87552K, used 24K [0x0000000080c00000, 0x0000000086180000, 0x00000000d5980000)
  object space 87552K, 0% used [0x0000000080c00000,0x0000000080c06000,0x0000000086180000)
 Metaspace       used 20631K, capacity 21112K, committed 21296K, reserved 1069056K
  class space    used 2444K, capacity 2565K, committed 2688K, reserved 1048576K
Event: 61.870 GC heap after
Heap after GC invocations=2 (full 0):
 PSYoungGen      total 38400K, used 5111K [0x00000000d5980000, 0x00000000d8400000, 0x0000000100000000)
  eden space 33280K, 0% used [0x00000000d5980000,0x00000000d5980000,0x00000000d7a00000)
  from space 5120K, 99% used [0x00000000d7f00000,0x00000000d83fdc38,0x00000000d8400000)
  to   space 5120K, 0% used [0x00000000d7a00000,0x00000000d7a00000,0x00000000d7f00000)
 ParOldGen       total 87552K, used 1355K [0x0000000080c00000, 0x0000000086180000, 0x00000000d5980000)
  object space 87552K, 1% used [0x0000000080c00000,0x0000000080d52ee8,0x0000000086180000)
 Metaspace       used 20631K, capacity 21112K, committed 21296K, reserved 1069056K
  class space    used 2444K, capacity 2565K, committed 2688K, reserved 1048576K
}
Event: 61.870 GC heap before
{Heap before GC invocations=3 (full 1):
 PSYoungGen      total 38400K, used 5111K [0x00000000d5980000, 0x00000000d8400000, 0x0000000100000000)
  eden space 33280K, 0% used [0x00000000d5980000,0x00000000d5980000,0x00000000d7a00000)
  from space 5120K, 99% used [0x00000000d7f00000,0x00000000d83fdc38,0x00000000d8400000)
  to   space 5120K, 0% used [0x00000000d7a00000,0x00000000d7a00000,0x00000000d7f00000)
 ParOldGen       total 87552K, used 1355K [0x0000000080c00000, 0x0000000086180000, 0x00000000d5980000)
  object space 87552K, 1% used [0x0000000080c00000,0x0000000080d52ee8,0x0000000086180000)
 Metaspace       used 20631K, capacity 21112K, committed 21296K, reserved 1069056K
  class space    used 2444K, capacity 2565K, committed 2688K, reserved 1048576K
Event: 61.896 GC heap after
Heap after GC invocations=3 (full 1):
 PSYoungGen      total 38400K, used 0K [0x00000000d5980000, 0x00000000d8400000, 0x0000000100000000)
  eden space 33280K, 0% used [0x00000000d5980000,0x00000000d5980000,0x00000000d7a00000)
  from space 5120K, 0% used [0x00000000d7f00000,0x00000000d7f00000,0x00000000d8400000)
  to   space 5120K, 0% used [0x00000000d7a00000,0x00000000d7a00000,0x00000000d7f00000)
 ParOldGen       total 41472K, used 6369K [0x0000000080c00000, 0x0000000083480000, 0x00000000d5980000)
  object space 41472K, 15% used [0x0000000080c00000,0x00000000812385a8,0x0000000083480000)
 Metaspace       used 20630K, capacity 21106K, committed 21296K, reserved 1069056K
  class space    used 2443K, capacity 2563K, committed 2688K, reserved 1048576K
}
Event: 66.997 GC heap before
{Heap before GC invocations=4 (full 1):
 PSYoungGen      total 38400K, used 33280K [0x00000000d5980000, 0x00000000d8400000, 0x0000000100000000)
  eden space 33280K, 100% used [0x00000000d5980000,0x00000000d7a00000,0x00000000d7a00000)
  from space 5120K, 0% used [0x00000000d7f00000,0x00000000d7f00000,0x00000000d8400000)
  to   space 5120K, 0% used [0x00000000d7a00000,0x00000000d7a00000,0x00000000d7f00000)
 ParOldGen       total 41472K, used 6369K [0x0000000080c00000, 0x0000000083480000, 0x00000000d5980000)
  object space 41472K, 15% used [0x0000000080c00000,0x00000000812385a8,0x0000000083480000)
 Metaspace       used 30213K, capacity 30810K, committed 31232K, reserved 1077248K
  class space    used 3370K, capacity 3533K, committed 3584K, reserved 1048576K
Event: 67.001 GC heap after
Heap after GC invocations=4 (full 1):
 PSYoungGen      total 38400K, used 5096K [0x00000000d5980000, 0x00000000d8400000, 0x0000000100000000)
  eden space 33280K, 0% used [0x00000000d5980000,0x00000000d5980000,0x00000000d7a00000)
  from space 5120K, 99% used [0x00000000d7a00000,0x00000000d7efa170,0x00000000d7f00000)
  to   space 5120K, 0% used [0x00000000d7f00000,0x00000000d7f00000,0x00000000d8400000)
 ParOldGen       total 41472K, used 6681K [0x0000000080c00000, 0x0000000083480000, 0x00000000d5980000)
  object space 41472K, 16% used [0x0000000080c00000,0x0000000081286518,0x0000000083480000)
 Metaspace       used 30213K, capacity 30810K, committed 31232K, reserved 1077248K
  class space    used 3370K, capacity 3533K, committed 3584K, reserved 1048576K
}

